2021-06-29 09:12:38,993:INFO:PyCaret Supervised Module
2021-06-29 09:12:38,993:INFO:ML Usecase: classification
2021-06-29 09:12:38,993:INFO:version 2.3.1
2021-06-29 09:12:38,994:INFO:Initializing setup()
2021-06-29 09:12:38,994:INFO:setup(target=target, ml_usecase=classification, available_plots={'parameter': 'Hyperparameters', 'auc': 'AUC', 'confusion_matrix': 'Confusion Matrix', 'threshold': 'Threshold', 'pr': 'Precision Recall', 'error': 'Prediction Error', 'class_report': 'Class Report', 'rfe': 'Feature Selection', 'learning': 'Learning Curve', 'manifold': 'Manifold Learning', 'calibration': 'Calibration Curve', 'vc': 'Validation Curve', 'dimension': 'Dimensions', 'feature': 'Feature Importance', 'feature_all': 'Feature Importance (All)', 'boundary': 'Decision Boundary', 'lift': 'Lift Chart', 'gain': 'Gain Chart', 'tree': 'Decision Tree'}, train_size=0.85, test_data=None, preprocess=True, imputation_type=simple, iterative_imputation_iters=5, categorical_features=None, categorical_imputation=constant, categorical_iterative_imputer=lightgbm, ordinal_features=None, high_cardinality_features=None, high_cardinality_method=frequency, numeric_features=None, numeric_imputation=mean, numeric_iterative_imputer=lightgbm, date_features=None, ignore_features=None, normalize=True, normalize_method=zscore, transformation=False, transformation_method=yeo-johnson, handle_unknown_categorical=True, unknown_categorical_method=least_frequent, pca=False, pca_method=linear, pca_components=None, ignore_low_variance=False, combine_rare_levels=False, rare_level_threshold=0.1, bin_numeric_features=None, remove_outliers=False, outliers_threshold=0.05, remove_multicollinearity=True, multicollinearity_threshold=0.9, remove_perfect_collinearity=True, create_clusters=False, cluster_iter=20, polynomial_features=False, polynomial_degree=2, trigonometry_features=False, polynomial_threshold=0.1, group_features=None, group_names=None, feature_selection=False, feature_selection_threshold=0.8, feature_selection_method=classic, feature_interaction=False, feature_ratio=False, interaction_threshold=0.01, fix_imbalance=True, fix_imbalance_method=None, transform_target=False, transform_target_method=box-cox, data_split_shuffle=True, data_split_stratify=True, fold_strategy=stratifiedkfold, fold=5, fold_shuffle=False, fold_groups=None, n_jobs=-1, use_gpu=False, custom_pipeline=None, html=False, session_id=4000, log_experiment=False, experiment_name=None, log_plots=False, log_profile=False, log_data=False, silent=True, verbose=True, profile=False, profile_kwargs=None, display=None)
2021-06-29 09:12:38,999:INFO:Checking environment
2021-06-29 09:12:39,000:INFO:python_version: 3.8.5
2021-06-29 09:12:39,000:INFO:python_build: ('default', 'Sep  3 2020 21:29:08')
2021-06-29 09:12:39,000:INFO:machine: AMD64
2021-06-29 09:12:39,001:INFO:platform: Windows-10-10.0.19041-SP0
2021-06-29 09:12:39,001:INFO:Memory: svmem(total=17110650880, available=9503215616, percent=44.5, used=7607435264, free=9503215616)
2021-06-29 09:12:39,001:INFO:Physical Core: 6
2021-06-29 09:12:39,001:INFO:Logical Core: 6
2021-06-29 09:12:39,001:INFO:Checking libraries
2021-06-29 09:12:39,002:INFO:pd==1.1.3
2021-06-29 09:12:39,002:INFO:numpy==1.19.5
2021-06-29 09:12:39,002:INFO:sklearn==0.23.2
2021-06-29 09:12:39,002:INFO:lightgbm==3.2.1
2021-06-29 09:12:39,407:INFO:catboost==0.25.1
2021-06-29 09:12:39,531:INFO:xgboost==1.4.0
2021-06-29 09:12:40,091:INFO:mlflow==1.18.0
2021-06-29 09:12:40,091:INFO:Checking Exceptions
2021-06-29 09:12:40,092:INFO:Declaring global variables
2021-06-29 09:12:40,092:INFO:USI: e38b
2021-06-29 09:12:40,092:INFO:pycaret_globals: {'imputation_classifier', 'n_jobs_param', 'exp_name_log', 'X_test', 'fold_groups_param', 'fold_groups_param_full', 'logging_param', 'y', '_all_models_internal', 'pycaret_globals', 'stratify_param', 'fold_shuffle_param', 'X_train', '_gpu_n_jobs_param', '_ml_usecase', 'transform_target_method_param', 'experiment__', 'USI', 'y_test', 'data_before_preprocess', 'fix_imbalance_method_param', '_all_models', 'fix_imbalance_param', '_all_metrics', 'fold_generator', 'gpu_param', 'target_param', 'fold_param', 'html_param', 'create_model_container', 'display_container', 'master_model_container', 'prep_pipe', 'log_plots_param', '_available_plots', 'X', '_internal_pipeline', 'y_train', 'iterative_imputation_iters_param', 'imputation_regressor', 'seed', 'transform_target_param'}
2021-06-29 09:12:40,092:INFO:Preparing display monitor
2021-06-29 09:12:40,092:INFO:Preparing display monitor
2021-06-29 09:12:40,093:INFO:Importing libraries
2021-06-29 09:12:40,093:INFO:Copying data for preprocessing
2021-06-29 09:12:40,094:INFO:Declaring preprocessing parameters
2021-06-29 09:12:40,097:INFO:Creating preprocessing pipeline
2021-06-29 09:12:40,124:INFO:Preprocessing pipeline created successfully
2021-06-29 09:12:40,124:ERROR:(Process Exit): setup has been interupted with user command 'quit'. setup must rerun.
2021-06-29 09:12:40,125:INFO:Creating global containers
2021-06-29 09:12:40,126:INFO:Internal pipeline: Pipeline(memory=None,
         steps=[('fix_imbalance',
                 SMOTE(k_neighbors=5, n_jobs=None, random_state=4000,
                       sampling_strategy='auto'))],
         verbose=False)
2021-06-29 09:12:41,194:INFO:Creating grid variables
2021-06-29 09:12:41,208:INFO:create_model_container: 0
2021-06-29 09:12:41,209:INFO:master_model_container: 0
2021-06-29 09:12:41,210:INFO:display_container: 1
2021-06-29 09:12:41,215:INFO:Pipeline(memory=None,
         steps=[('dtypes',
                 DataTypes_Auto_infer(categorical_features=[],
                                      display_types=False, features_todrop=[],
                                      id_columns=[],
                                      ml_usecase='classification',
                                      numerical_features=[], target='target',
                                      time_features=[])),
                ('imputer',
                 Simple_Imputer(categorical_strategy='not_available',
                                fill_value_categorical=None,
                                fill_value_numerical=None,
                                numeric_stra...
                ('dummy', Dummify(target='target')),
                ('fix_perfect', Remove_100(target='target')),
                ('clean_names', Clean_Colum_Names()),
                ('feature_select', 'passthrough'),
                ('fix_multi',
                 Fix_multicollinearity(correlation_with_target_preference=None,
                                       correlation_with_target_threshold=0.0,
                                       target_variable='target',
                                       threshold=0.9)),
                ('dfs', 'passthrough'), ('pca', 'passthrough')],
         verbose=False)
2021-06-29 09:12:41,215:INFO:setup() succesfully completed......................................
2021-06-29 09:12:41,336:INFO:Initializing load_model()
2021-06-29 09:12:41,336:INFO:load_model(model_name=catboost, platform=None, authentication=None, verbose=True)
2021-06-29 09:12:44,270:INFO:Initializing load_model()
2021-06-29 09:12:44,270:INFO:load_model(model_name=catboost, platform=None, authentication=None, verbose=True)
2021-06-29 09:12:44,281:INFO:Initializing interpret_model()
2021-06-29 09:12:44,282:INFO:interpret_model(estimator=<catboost.core.CatBoostClassifier object at 0x0000021110D61B20>, use_train_data=False, X_new_sample=None, feature=None, kwargs={}, observation=None, plot=summary, save=False)
2021-06-29 09:12:44,282:INFO:Checking exceptions
2021-06-29 09:12:52,711:INFO:plot type: summary
2021-06-29 09:12:52,711:INFO:Creating TreeExplainer
2021-06-29 09:12:52,814:INFO:Compiling shap values
2021-06-29 09:12:53,979:INFO:Visual Rendered Successfully
2021-06-29 09:12:53,980:INFO:interpret_model() succesfully completed......................................
2021-06-29 09:13:49,912:INFO:Initializing load_model()
2021-06-29 09:13:49,913:INFO:load_model(model_name=catboost, platform=None, authentication=None, verbose=True)
2021-06-29 09:13:49,922:INFO:Initializing interpret_model()
2021-06-29 09:13:49,922:INFO:interpret_model(estimator=<catboost.core.CatBoostClassifier object at 0x000002111A6A5BE0>, use_train_data=False, X_new_sample=None, feature=None, kwargs={}, observation=None, plot=summary, save=False)
2021-06-29 09:13:49,923:INFO:Checking exceptions
2021-06-29 09:13:49,923:INFO:plot type: summary
2021-06-29 09:13:49,923:INFO:Creating TreeExplainer
2021-06-29 09:13:49,993:INFO:Compiling shap values
2021-06-29 09:13:50,945:INFO:Visual Rendered Successfully
2021-06-29 09:13:50,945:INFO:interpret_model() succesfully completed......................................
2021-06-29 09:13:52,115:INFO:Initializing interpret_model()
2021-06-29 09:13:52,116:INFO:interpret_model(estimator=<catboost.core.CatBoostClassifier object at 0x000002111A6A5BE0>, use_train_data=False, X_new_sample=None, feature=, kwargs={}, observation=None, plot=correlation, save=False)
2021-06-29 09:13:52,116:INFO:Checking exceptions
2021-06-29 09:13:52,116:INFO:plot type: correlation
2021-06-29 09:13:52,116:WARNING:feature value passed. Feature used for correlation plot: city_development_index
2021-06-29 09:13:52,117:INFO:Creating TreeExplainer
2021-06-29 09:13:52,183:INFO:Compiling shap values
2021-06-29 09:13:52,888:INFO:model type detected: type 2
2021-06-29 09:14:01,100:INFO:Initializing load_model()
2021-06-29 09:14:01,100:INFO:load_model(model_name=catboost, platform=None, authentication=None, verbose=True)
2021-06-29 09:14:01,109:INFO:Initializing interpret_model()
2021-06-29 09:14:01,110:INFO:interpret_model(estimator=<catboost.core.CatBoostClassifier object at 0x000002111B0B1F10>, use_train_data=False, X_new_sample=None, feature=None, kwargs={}, observation=None, plot=summary, save=False)
2021-06-29 09:14:01,110:INFO:Checking exceptions
2021-06-29 09:14:01,110:INFO:plot type: summary
2021-06-29 09:14:01,110:INFO:Creating TreeExplainer
2021-06-29 09:14:01,180:INFO:Compiling shap values
2021-06-29 09:14:02,126:INFO:Visual Rendered Successfully
2021-06-29 09:14:02,126:INFO:interpret_model() succesfully completed......................................
2021-06-29 09:14:03,321:INFO:Initializing interpret_model()
2021-06-29 09:14:03,321:INFO:interpret_model(estimator=<catboost.core.CatBoostClassifier object at 0x000002111B0B1F10>, use_train_data=False, X_new_sample=None, feature=city_development_index, kwargs={}, observation=None, plot=correlation, save=False)
2021-06-29 09:14:03,322:INFO:Checking exceptions
2021-06-29 09:14:03,322:INFO:plot type: correlation
2021-06-29 09:14:03,322:WARNING:feature value passed. Feature used for correlation plot: city_development_index
2021-06-29 09:14:03,322:INFO:Creating TreeExplainer
2021-06-29 09:14:03,391:INFO:Compiling shap values
2021-06-29 09:14:04,054:INFO:model type detected: type 2
2021-06-29 09:14:04,594:INFO:Visual Rendered Successfully
2021-06-29 09:14:04,595:INFO:interpret_model() succesfully completed......................................
2021-06-29 09:14:46,626:INFO:Initializing load_model()
2021-06-29 09:14:46,626:INFO:load_model(model_name=catboost, platform=None, authentication=None, verbose=True)
2021-06-29 09:14:46,635:INFO:Initializing interpret_model()
2021-06-29 09:14:46,636:INFO:interpret_model(estimator=<catboost.core.CatBoostClassifier object at 0x000002111AA8E130>, use_train_data=False, X_new_sample=None, feature=None, kwargs={}, observation=None, plot=summary, save=False)
2021-06-29 09:14:46,636:INFO:Checking exceptions
2021-06-29 09:14:46,636:INFO:plot type: summary
2021-06-29 09:14:46,636:INFO:Creating TreeExplainer
2021-06-29 09:14:46,703:INFO:Compiling shap values
2021-06-29 09:14:47,744:INFO:Visual Rendered Successfully
2021-06-29 09:14:47,745:INFO:interpret_model() succesfully completed......................................
2021-06-29 09:14:49,329:INFO:Initializing load_model()
2021-06-29 09:14:49,329:INFO:load_model(model_name=catboost, platform=None, authentication=None, verbose=True)
2021-06-29 09:14:53,559:INFO:Initializing load_model()
2021-06-29 09:14:53,559:INFO:load_model(model_name=stacking_clf, platform=None, authentication=None, verbose=True)
2021-06-29 09:15:10,225:INFO:Initializing load_model()
2021-06-29 09:15:10,225:INFO:load_model(model_name=stacking_clf, platform=None, authentication=None, verbose=True)
2021-06-29 09:15:10,339:INFO:Initializing plot_model()
2021-06-29 09:15:10,339:INFO:plot_model(plot=auc, fold=None, use_train_data=False, verbose=True, is_in_evaluate=False, display=None, display_format=streamlit, estimator=StackingClassifier(cv=StratifiedKFold(n_splits=5,
        random_state=RandomState(MT19937) at 0x2111A6A6340, shuffle=False),
                   estimators=[('rf',
                                RandomForestClassifier(bootstrap=False,
                                                       ccp_alpha=0.0,
                                                       class_weight='balanced_subsample',
                                                       criterion='gini',
                                                       max_depth=10,
                                                       max_features='sqrt',
                                                       max_leaf_nodes=None,
                                                       max_samples=None,
                                                       min_impurity_decrease=0.0001,
                                                       min_impurity_spl...
                                                  feature_fraction=0.6225207643958737,
                                                  importance_type='split',
                                                  learning_rate=0.001,
                                                  max_depth=-1,
                                                  min_child_samples=20,
                                                  min_child_weight=1e-09,
                                                  min_split_gain=0.0,
                                                  n_estimators=383, n_jobs=-1,
                                                  num_leaves=42, objective=None,
                                                  random_state=4000,
                                                  reg_alpha=1.0, reg_lambda=0.1,
                                                  silent=True, subsample=1.0,
                                                  subsample_for_bin=200000,
                                                  subsample_freq=0),
                   n_jobs=-1, passthrough=True, stack_method='auto', verbose=0), feature_name=None, fit_kwargs=None, groups=None, label=False, save=False, scale=1, system=True)
2021-06-29 09:15:10,340:INFO:Checking exceptions
2021-06-29 09:15:10,341:INFO:Preparing display monitor
2021-06-29 09:15:10,341:INFO:Preloading libraries
2021-06-29 09:15:10,409:INFO:Copying training dataset
2021-06-29 09:15:10,412:INFO:Copying test dataset
2021-06-29 09:15:10,413:INFO:Plot type: auc
2021-06-29 09:15:10,506:INFO:Fitting Model
2021-06-29 09:15:10,507:INFO:Scoring test/hold-out set
2021-06-29 09:15:10,964:INFO:Visual Rendered Successfully
2021-06-29 09:15:11,068:INFO:plot_model() succesfully completed......................................
2021-06-29 09:15:11,075:INFO:Initializing plot_model()
2021-06-29 09:15:11,076:INFO:plot_model(plot=confusion_matrix, fold=None, use_train_data=False, verbose=True, is_in_evaluate=False, display=None, display_format=streamlit, estimator=StackingClassifier(cv=StratifiedKFold(n_splits=5,
        random_state=RandomState(MT19937) at 0x2111A6A6340, shuffle=False),
                   estimators=[('rf',
                                RandomForestClassifier(bootstrap=False,
                                                       ccp_alpha=0.0,
                                                       class_weight='balanced_subsample',
                                                       criterion='gini',
                                                       max_depth=10,
                                                       max_features='sqrt',
                                                       max_leaf_nodes=None,
                                                       max_samples=None,
                                                       min_impurity_decrease=0.0001,
                                                       min_impurity_spl...
                                                  feature_fraction=0.6225207643958737,
                                                  importance_type='split',
                                                  learning_rate=0.001,
                                                  max_depth=-1,
                                                  min_child_samples=20,
                                                  min_child_weight=1e-09,
                                                  min_split_gain=0.0,
                                                  n_estimators=383, n_jobs=-1,
                                                  num_leaves=42, objective=None,
                                                  random_state=4000,
                                                  reg_alpha=1.0, reg_lambda=0.1,
                                                  silent=True, subsample=1.0,
                                                  subsample_for_bin=200000,
                                                  subsample_freq=0),
                   n_jobs=-1, passthrough=True, stack_method='auto', verbose=0), feature_name=None, fit_kwargs=None, groups=None, label=False, save=False, scale=1, system=True)
2021-06-29 09:15:11,078:INFO:Checking exceptions
2021-06-29 09:15:11,079:INFO:Preparing display monitor
2021-06-29 09:15:11,079:INFO:Preloading libraries
2021-06-29 09:15:11,161:INFO:Copying training dataset
2021-06-29 09:15:11,164:INFO:Copying test dataset
2021-06-29 09:15:11,164:INFO:Plot type: confusion_matrix
2021-06-29 09:15:11,166:INFO:Fitting Model
2021-06-29 09:15:11,167:INFO:Scoring test/hold-out set
2021-06-29 09:15:11,622:INFO:Visual Rendered Successfully
2021-06-29 09:15:11,730:INFO:plot_model() succesfully completed......................................
2021-06-29 09:15:11,737:INFO:Initializing plot_model()
2021-06-29 09:15:11,738:INFO:plot_model(plot=class_report, fold=None, use_train_data=False, verbose=True, is_in_evaluate=False, display=None, display_format=streamlit, estimator=StackingClassifier(cv=StratifiedKFold(n_splits=5,
        random_state=RandomState(MT19937) at 0x2111A6A6340, shuffle=False),
                   estimators=[('rf',
                                RandomForestClassifier(bootstrap=False,
                                                       ccp_alpha=0.0,
                                                       class_weight='balanced_subsample',
                                                       criterion='gini',
                                                       max_depth=10,
                                                       max_features='sqrt',
                                                       max_leaf_nodes=None,
                                                       max_samples=None,
                                                       min_impurity_decrease=0.0001,
                                                       min_impurity_spl...
                                                  feature_fraction=0.6225207643958737,
                                                  importance_type='split',
                                                  learning_rate=0.001,
                                                  max_depth=-1,
                                                  min_child_samples=20,
                                                  min_child_weight=1e-09,
                                                  min_split_gain=0.0,
                                                  n_estimators=383, n_jobs=-1,
                                                  num_leaves=42, objective=None,
                                                  random_state=4000,
                                                  reg_alpha=1.0, reg_lambda=0.1,
                                                  silent=True, subsample=1.0,
                                                  subsample_for_bin=200000,
                                                  subsample_freq=0),
                   n_jobs=-1, passthrough=True, stack_method='auto', verbose=0), feature_name=None, fit_kwargs=None, groups=None, label=False, save=False, scale=1, system=True)
2021-06-29 09:15:11,738:INFO:Checking exceptions
2021-06-29 09:15:11,739:INFO:Preparing display monitor
2021-06-29 09:15:11,740:INFO:Preloading libraries
2021-06-29 09:15:11,823:INFO:Copying training dataset
2021-06-29 09:15:11,825:INFO:Copying test dataset
2021-06-29 09:15:11,826:INFO:Plot type: class_report
2021-06-29 09:15:11,828:INFO:Fitting Model
2021-06-29 09:15:11,829:INFO:Scoring test/hold-out set
2021-06-29 09:15:12,280:INFO:Visual Rendered Successfully
2021-06-29 09:15:12,383:INFO:plot_model() succesfully completed......................................
2021-06-29 09:15:12,390:INFO:Initializing plot_model()
2021-06-29 09:15:12,390:INFO:plot_model(plot=error, fold=None, use_train_data=False, verbose=True, is_in_evaluate=False, display=None, display_format=streamlit, estimator=StackingClassifier(cv=StratifiedKFold(n_splits=5,
        random_state=RandomState(MT19937) at 0x2111A6A6340, shuffle=False),
                   estimators=[('rf',
                                RandomForestClassifier(bootstrap=False,
                                                       ccp_alpha=0.0,
                                                       class_weight='balanced_subsample',
                                                       criterion='gini',
                                                       max_depth=10,
                                                       max_features='sqrt',
                                                       max_leaf_nodes=None,
                                                       max_samples=None,
                                                       min_impurity_decrease=0.0001,
                                                       min_impurity_spl...
                                                  feature_fraction=0.6225207643958737,
                                                  importance_type='split',
                                                  learning_rate=0.001,
                                                  max_depth=-1,
                                                  min_child_samples=20,
                                                  min_child_weight=1e-09,
                                                  min_split_gain=0.0,
                                                  n_estimators=383, n_jobs=-1,
                                                  num_leaves=42, objective=None,
                                                  random_state=4000,
                                                  reg_alpha=1.0, reg_lambda=0.1,
                                                  silent=True, subsample=1.0,
                                                  subsample_for_bin=200000,
                                                  subsample_freq=0),
                   n_jobs=-1, passthrough=True, stack_method='auto', verbose=0), feature_name=None, fit_kwargs=None, groups=None, label=False, save=False, scale=1, system=True)
2021-06-29 09:15:12,391:INFO:Checking exceptions
2021-06-29 09:15:12,392:INFO:Preparing display monitor
2021-06-29 09:15:12,392:INFO:Preloading libraries
2021-06-29 09:15:12,466:INFO:Copying training dataset
2021-06-29 09:15:12,469:INFO:Copying test dataset
2021-06-29 09:15:12,469:INFO:Plot type: error
2021-06-29 09:15:12,471:INFO:Fitting Model
2021-06-29 09:15:12,471:INFO:Scoring test/hold-out set
2021-06-29 09:15:12,849:INFO:Visual Rendered Successfully
2021-06-29 09:15:12,949:INFO:plot_model() succesfully completed......................................
2021-06-29 09:16:15,005:INFO:Initializing load_model()
2021-06-29 09:16:15,006:INFO:load_model(model_name=catboost, platform=None, authentication=None, verbose=True)
2021-06-29 09:16:17,432:INFO:Initializing load_model()
2021-06-29 09:16:17,433:INFO:load_model(model_name=catboost, platform=None, authentication=None, verbose=True)
2021-06-29 09:16:17,443:INFO:Initializing interpret_model()
2021-06-29 09:16:17,443:INFO:interpret_model(estimator=<catboost.core.CatBoostClassifier object at 0x000002111E6E5C40>, use_train_data=False, X_new_sample=None, feature=None, kwargs={}, observation=None, plot=summary, save=False)
2021-06-29 09:16:17,443:INFO:Checking exceptions
2021-06-29 09:16:17,444:INFO:plot type: summary
2021-06-29 09:16:17,444:INFO:Creating TreeExplainer
2021-06-29 09:16:17,512:INFO:Compiling shap values
2021-06-29 09:16:18,462:INFO:Visual Rendered Successfully
2021-06-29 09:16:18,462:INFO:interpret_model() succesfully completed......................................
2021-06-29 09:16:28,939:INFO:Initializing load_model()
2021-06-29 09:16:28,939:INFO:load_model(model_name=catboost, platform=None, authentication=None, verbose=True)
2021-06-29 09:16:28,949:INFO:Initializing interpret_model()
2021-06-29 09:16:28,949:INFO:interpret_model(estimator=<catboost.core.CatBoostClassifier object at 0x00000211179EB400>, use_train_data=False, X_new_sample=None, feature=None, kwargs={}, observation=None, plot=summary, save=False)
2021-06-29 09:16:28,950:INFO:Checking exceptions
2021-06-29 09:16:28,950:INFO:plot type: summary
2021-06-29 09:16:28,950:INFO:Creating TreeExplainer
2021-06-29 09:16:29,016:INFO:Compiling shap values
2021-06-29 09:16:29,929:INFO:Visual Rendered Successfully
2021-06-29 09:16:29,930:INFO:interpret_model() succesfully completed......................................
2021-06-29 09:16:31,129:INFO:Initializing interpret_model()
2021-06-29 09:16:31,129:INFO:interpret_model(estimator=<catboost.core.CatBoostClassifier object at 0x00000211179EB400>, use_train_data=False, X_new_sample=None, feature=, kwargs={}, observation=None, plot=correlation, save=False)
2021-06-29 09:16:31,129:INFO:Checking exceptions
2021-06-29 09:16:31,130:INFO:plot type: correlation
2021-06-29 09:16:31,131:WARNING:feature value passed. Feature used for correlation plot: city_development_index
2021-06-29 09:16:31,131:INFO:Creating TreeExplainer
2021-06-29 09:16:31,197:INFO:Compiling shap values
2021-06-29 09:16:31,888:INFO:model type detected: type 2
2021-06-29 09:16:32,301:INFO:Initializing load_model()
2021-06-29 09:16:32,301:INFO:load_model(model_name=catboost, platform=None, authentication=None, verbose=True)
2021-06-29 09:16:32,312:INFO:Initializing interpret_model()
2021-06-29 09:16:32,312:INFO:interpret_model(estimator=<catboost.core.CatBoostClassifier object at 0x000002111EA2B910>, use_train_data=False, X_new_sample=None, feature=None, kwargs={}, observation=None, plot=summary, save=False)
2021-06-29 09:16:32,312:INFO:Checking exceptions
2021-06-29 09:16:32,313:INFO:plot type: summary
2021-06-29 09:16:32,313:INFO:Creating TreeExplainer
2021-06-29 09:16:32,381:INFO:Compiling shap values
2021-06-29 09:16:33,415:INFO:Visual Rendered Successfully
2021-06-29 09:16:33,415:INFO:interpret_model() succesfully completed......................................
2021-06-29 09:16:35,192:INFO:Initializing load_model()
2021-06-29 09:16:35,192:INFO:load_model(model_name=catboost, platform=None, authentication=None, verbose=True)
